This is XeTeX, Version 3.14159265-2.6-0.99992 (TeX Live 2015) (preloaded format=xelatex 2015.8.25)  24 SEP 2018 19:00
entering extended mode
 restricted \write18 enabled.
 %&-line parsing enabled.
**thesis_source.tex
(./thesis_source.tex
LaTeX2e <2015/01/01>
Babel <3.9l> and hyphenation patterns for 79 languages loaded.
(/usr/local/texlive/2015/texmf-dist/tex/latex/base/book.cls
Document Class: book 2014/09/29 v1.4h Standard LaTeX document class
(/usr/local/texlive/2015/texmf-dist/tex/latex/base/bk10.clo
File: bk10.clo 2014/09/29 v1.4h Standard LaTeX file (size option)
)
\c@part=\count79
\c@chapter=\count80
\c@section=\count81
\c@subsection=\count82
\c@subsubsection=\count83
\c@paragraph=\count84
\c@subparagraph=\count85
\c@figure=\count86
\c@table=\count87
\abovecaptionskip=\skip41
\belowcaptionskip=\skip42
\bibindent=\dimen102
) (/usr/local/texlive/2015/texmf-dist/tex/latex/lm/lmodern.sty
Package: lmodern 2009/10/30 v1.6 Latin Modern Fonts
LaTeX Font Info:    Overwriting symbol font `operators' in version `normal'
(Font)                  OT1/cmr/m/n --> OT1/lmr/m/n on input line 22.
LaTeX Font Info:    Overwriting symbol font `letters' in version `normal'
(Font)                  OML/cmm/m/it --> OML/lmm/m/it on input line 23.
LaTeX Font Info:    Overwriting symbol font `symbols' in version `normal'
(Font)                  OMS/cmsy/m/n --> OMS/lmsy/m/n on input line 24.
LaTeX Font Info:    Overwriting symbol font `largesymbols' in version `normal'
(Font)                  OMX/cmex/m/n --> OMX/lmex/m/n on input line 25.
LaTeX Font Info:    Overwriting symbol font `operators' in version `bold'
(Font)                  OT1/cmr/bx/n --> OT1/lmr/bx/n on input line 26.
LaTeX Font Info:    Overwriting symbol font `letters' in version `bold'
(Font)                  OML/cmm/b/it --> OML/lmm/b/it on input line 27.
LaTeX Font Info:    Overwriting symbol font `symbols' in version `bold'
(Font)                  OMS/cmsy/b/n --> OMS/lmsy/b/n on input line 28.
LaTeX Font Info:    Overwriting symbol font `largesymbols' in version `bold'
(Font)                  OMX/cmex/m/n --> OMX/lmex/m/n on input line 29.
LaTeX Font Info:    Overwriting math alphabet `\mathbf' in version `normal'
(Font)                  OT1/cmr/bx/n --> OT1/lmr/bx/n on input line 31.
LaTeX Font Info:    Overwriting math alphabet `\mathsf' in version `normal'
(Font)                  OT1/cmss/m/n --> OT1/lmss/m/n on input line 32.
LaTeX Font Info:    Overwriting math alphabet `\mathit' in version `normal'
(Font)                  OT1/cmr/m/it --> OT1/lmr/m/it on input line 33.
LaTeX Font Info:    Overwriting math alphabet `\mathtt' in version `normal'
(Font)                  OT1/cmtt/m/n --> OT1/lmtt/m/n on input line 34.
LaTeX Font Info:    Overwriting math alphabet `\mathbf' in version `bold'
(Font)                  OT1/cmr/bx/n --> OT1/lmr/bx/n on input line 35.
LaTeX Font Info:    Overwriting math alphabet `\mathsf' in version `bold'
(Font)                  OT1/cmss/bx/n --> OT1/lmss/bx/n on input line 36.
LaTeX Font Info:    Overwriting math alphabet `\mathit' in version `bold'
(Font)                  OT1/cmr/bx/it --> OT1/lmr/bx/it on input line 37.
LaTeX Font Info:    Overwriting math alphabet `\mathtt' in version `bold'
(Font)                  OT1/cmtt/m/n --> OT1/lmtt/m/n on input line 38.
) (/usr/local/texlive/2015/texmf-dist/tex/latex/amsfonts/amssymb.sty
Package: amssymb 2013/01/14 v3.01 AMS font symbols
(/usr/local/texlive/2015/texmf-dist/tex/latex/amsfonts/amsfonts.sty
Package: amsfonts 2013/01/14 v3.01 Basic AMSFonts support
\@emptytoks=\toks14
\symAMSa=\mathgroup4
\symAMSb=\mathgroup5
LaTeX Font Info:    Overwriting math alphabet `\mathfrak' in version `bold'
(Font)                  U/euf/m/n --> U/euf/b/n on input line 106.
)) (/usr/local/texlive/2015/texmf-dist/tex/latex/amsmath/amsmath.sty
Package: amsmath 2013/01/14 v2.14 AMS math features
\@mathmargin=\skip43
For additional information on amsmath, use the `?' option.
(/usr/local/texlive/2015/texmf-dist/tex/latex/amsmath/amstext.sty
Package: amstext 2000/06/29 v2.01
(/usr/local/texlive/2015/texmf-dist/tex/latex/amsmath/amsgen.sty
File: amsgen.sty 1999/11/30 v2.0
\@emptytoks=\toks15
\ex@=\dimen103
)) (/usr/local/texlive/2015/texmf-dist/tex/latex/amsmath/amsbsy.sty
Package: amsbsy 1999/11/29 v1.2d
\pmbraise@=\dimen104
) (/usr/local/texlive/2015/texmf-dist/tex/latex/amsmath/amsopn.sty
Package: amsopn 1999/12/14 v2.01 operator names
)
\inf@bad=\count88
LaTeX Info: Redefining \frac on input line 210.
\uproot@=\count89
\leftroot@=\count90
LaTeX Info: Redefining \overline on input line 306.
\classnum@=\count91
\DOTSCASE@=\count92
LaTeX Info: Redefining \ldots on input line 378.
LaTeX Info: Redefining \dots on input line 381.
LaTeX Info: Redefining \cdots on input line 466.
\Mathstrutbox@=\box26
\strutbox@=\box27
\big@size=\dimen105
LaTeX Font Info:    Redeclaring font encoding OML on input line 566.
LaTeX Font Info:    Redeclaring font encoding OMS on input line 567.
\macc@depth=\count93
\c@MaxMatrixCols=\count94
\dotsspace@=\muskip10
\c@parentequation=\count95
\dspbrk@lvl=\count96
\tag@help=\toks16
\row@=\count97
\column@=\count98
\maxfields@=\count99
\andhelp@=\toks17
\eqnshift@=\dimen106
\alignsep@=\dimen107
\tagshift@=\dimen108
\tagwidth@=\dimen109
\totwidth@=\dimen110
\lineht@=\dimen111
\@envbody=\toks18
\multlinegap=\skip44
\multlinetaggap=\skip45
\mathdisplay@stack=\toks19
LaTeX Info: Redefining \[ on input line 2665.
LaTeX Info: Redefining \] on input line 2666.
) (/usr/local/texlive/2015/texmf-dist/tex/generic/ifxetex/ifxetex.sty
Package: ifxetex 2010/09/12 v0.6 Provides ifxetex conditional
) (/usr/local/texlive/2015/texmf-dist/tex/generic/oberdiek/ifluatex.sty
Package: ifluatex 2010/03/01 v1.3 Provides the ifluatex switch (HO)
Package ifluatex Info: LuaTeX not detected.
) (/usr/local/texlive/2015/texmf-dist/tex/latex/base/fixltx2e.sty
Package: fixltx2e 2015/02/21 v2.0a fixes to LaTeX (obsolete)

Package fixltx2e Warning: fixltx2e is not required with releases after 2015
(fixltx2e)                All fixes are now in the LaTeX kernel.
(fixltx2e)                See the latexrelease package for details.

) (/usr/local/texlive/2015/texmf-dist/tex/xelatex/mathspec/mathspec.sty
Package: mathspec 2009/09/30 v0.2 LaTeX Package (Mathematics font selection for
 XeLaTeX)
(/usr/local/texlive/2015/texmf-dist/tex/latex/etoolbox/etoolbox.sty
Package: etoolbox 2015/05/04 v2.2 e-TeX tools for LaTeX (JAW)
\etb@tempcnta=\count100
) (/usr/local/texlive/2015/texmf-dist/tex/latex/fontspec/fontspec.sty
Package: fontspec 2015/03/14 v2.4c Font selection for XeLaTeX and LuaLaTeX
(/usr/local/texlive/2015/texmf-dist/tex/latex/l3kernel/expl3.sty
Package: expl3 2015/03/01 v5547 L3 programming layer (loader) 
(/usr/local/texlive/2015/texmf-dist/tex/latex/l3kernel/expl3-code.tex
Package: expl3 2015/03/01 v5547 L3 programming layer (code) 
L3 Module: l3bootstrap 2015/02/28 v5542 L3 Bootstrap code
L3 Module: l3names 2015/02/24 v5535 L3 Namespace for primitives
L3 Module: l3basics 2015/01/27 v5500 L3 Basic definitions
L3 Module: l3expan 2014/11/27 v5472 L3 Argument expansion
L3 Module: l3tl 2015/01/27 v5500 L3 Token lists
L3 Module: l3str 2015/03/01 v5545 L3 Strings
L3 Module: l3seq 2014/08/23 v5354 L3 Sequences and stacks
L3 Module: l3int 2015/02/21 v5529 L3 Integers
\c_max_int=\count101
\l_tmpa_int=\count102
\l_tmpb_int=\count103
\g_tmpa_int=\count104
\g_tmpb_int=\count105
L3 Module: l3quark 2014/08/23 v5354 L3 Quarks
L3 Module: l3prg 2014/08/23 v5354 L3 Control structures
\g__prg_map_int=\count106
L3 Module: l3clist 2014/08/23 v5354 L3 Comma separated lists
L3 Module: l3token 2014/09/15 v5422 L3 Experimental token manipulation
L3 Module: l3prop 2014/08/23 v5354 L3 Property lists
L3 Module: l3msg 2015/02/26 v5537 L3 Messages
L3 Module: l3file 2014/08/24 v5369 L3 File and I/O operations
\l_iow_line_count_int=\count107
\l__iow_target_count_int=\count108
\l__iow_current_line_int=\count109
\l__iow_current_word_int=\count110
\l__iow_current_indentation_int=\count111
L3 Module: l3skip 2014/08/23 v5354 L3 Dimensions and skips
\c_zero_dim=\dimen112
\c_max_dim=\dimen113
\l_tmpa_dim=\dimen114
\l_tmpb_dim=\dimen115
\g_tmpa_dim=\dimen116
\g_tmpb_dim=\dimen117
\c_zero_skip=\skip46
\c_max_skip=\skip47
\l_tmpa_skip=\skip48
\l_tmpb_skip=\skip49
\g_tmpa_skip=\skip50
\g_tmpb_skip=\skip51
\c_zero_muskip=\muskip11
\c_max_muskip=\muskip12
\l_tmpa_muskip=\muskip13
\l_tmpb_muskip=\muskip14
\g_tmpa_muskip=\muskip15
\g_tmpb_muskip=\muskip16
L3 Module: l3keys 2015/01/27 v5500 L3 Key-value interfaces
\g__keyval_level_int=\count112
\l_keys_choice_int=\count113
L3 Module: l3fp 2014/08/22 v5336 L3 Floating points
\c__fp_leading_shift_int=\count114
\c__fp_middle_shift_int=\count115
\c__fp_trailing_shift_int=\count116
\c__fp_big_leading_shift_int=\count117
\c__fp_big_middle_shift_int=\count118
\c__fp_big_trailing_shift_int=\count119
\c__fp_Bigg_leading_shift_int=\count120
\c__fp_Bigg_middle_shift_int=\count121
\c__fp_Bigg_trailing_shift_int=\count122
L3 Module: l3box 2014/08/23 v5354 L3 Experimental boxes
\c_empty_box=\box28
\l_tmpa_box=\box29
\l_tmpb_box=\box30
\g_tmpa_box=\box31
\g_tmpb_box=\box32
L3 Module: l3coffins 2014/08/23 v5354 L3 Coffin code layer
\l__coffin_internal_box=\box33
\l__coffin_internal_dim=\dimen118
\l__coffin_offset_x_dim=\dimen119
\l__coffin_offset_y_dim=\dimen120
\l__coffin_x_dim=\dimen121
\l__coffin_y_dim=\dimen122
\l__coffin_x_prime_dim=\dimen123
\l__coffin_y_prime_dim=\dimen124
\c_empty_coffin=\box34
\l__coffin_aligned_coffin=\box35
\l__coffin_aligned_internal_coffin=\box36
\l_tmpa_coffin=\box37
\l_tmpb_coffin=\box38
\l__coffin_display_coffin=\box39
\l__coffin_display_coord_coffin=\box40
\l__coffin_display_pole_coffin=\box41
\l__coffin_display_offset_dim=\dimen125
\l__coffin_display_x_dim=\dimen126
\l__coffin_display_y_dim=\dimen127
L3 Module: l3color 2014/08/23 v5354 L3 Experimental color support
L3 Module: l3candidates 2015/03/01 v5544 L3 Experimental additions to l3kernel
\l__box_top_dim=\dimen128
\l__box_bottom_dim=\dimen129
\l__box_left_dim=\dimen130
\l__box_right_dim=\dimen131
\l__box_top_new_dim=\dimen132
\l__box_bottom_new_dim=\dimen133
\l__box_left_new_dim=\dimen134
\l__box_right_new_dim=\dimen135
\l__box_internal_box=\box42
\l__coffin_bounding_shift_dim=\dimen136
\l__coffin_left_corner_dim=\dimen137
\l__coffin_right_corner_dim=\dimen138
\l__coffin_bottom_corner_dim=\dimen139
\l__coffin_top_corner_dim=\dimen140
\l__coffin_scaled_total_height_dim=\dimen141
\l__coffin_scaled_width_dim=\dimen142
) (/usr/local/texlive/2015/texmf-dist/tex/latex/l3kernel/l3unicode-data.def
File: l3unicode-data.def 2015/03/01 v5544 L3 Unicode data
) (/usr/local/texlive/2015/texmf-dist/tex/latex/l3kernel/l3xdvipdfmx.def
File: l3xdvidpfmx.def 2015/03/01 v5544 L3 Experimental driver: xdvipdfmx
)) (/usr/local/texlive/2015/texmf-dist/tex/latex/l3packages/xparse/xparse.sty
Package: xparse 2014/11/25 v5471 L3 Experimental document command parser
\l__xparse_current_arg_int=\count123
\l__xparse_m_args_int=\count124
\l__xparse_mandatory_args_int=\count125
\l__xparse_processor_int=\count126
\l__xparse_v_nesting_int=\count127
)
\l_fontspec_script_int=\count128
\l_fontspec_language_int=\count129
\l_fontspec_strnum_int=\count130
\l__fontspec_tmpa_dim=\dimen143
\l__fontspec_tmpb_dim=\dimen144
\l__fontspec_tmpc_dim=\dimen145
Variant \tl_gset:cV already defined; not changing it on line 71
(/usr/local/texlive/2015/texmf-dist/tex/latex/fontspec/fontspec-patches.sty
Package: fontspec-patches 2015/03/14 v2.4c Font selection for XeLaTeX and LuaLa
TeX
LaTeX Info: Redefining \em on input line 49.
LaTeX Info: Redefining \emph on input line 57.
LaTeX Info: Redefining \- on input line 60.
.................................................
. LaTeX info: "xparse/redefine-command"
. 
. Redefining command \oldstylenums with sig. 'm' on line 155.
.................................................
.................................................
. LaTeX info: "xparse/define-command"
. 
. Defining command \liningnums with sig. 'm' on line 159.
.................................................
) (/usr/local/texlive/2015/texmf-dist/tex/latex/fontspec/fontspec-xetex.sty
Package: fontspec-xetex 2015/03/14 v2.4c Font selection for XeLaTeX and LuaLaTe
X
(/usr/local/texlive/2015/texmf-dist/tex/latex/base/fontenc.sty
Package: fontenc 2005/09/27 v1.99g Standard LaTeX package
(/usr/local/texlive/2015/texmf-dist/tex/latex/euenc/eu1enc.def
File: eu1enc.def 2010/05/27 v0.1h Experimental Unicode font encodings
)
LaTeX Font Info:    Try loading font information for EU1+lmr on input line 105.

(/usr/local/texlive/2015/texmf-dist/tex/latex/euenc/eu1lmr.fd
File: eu1lmr.fd 2009/10/30 v1.6 Font defs for Latin Modern
)) (/usr/local/texlive/2015/texmf-dist/tex/xelatex/xunicode/xunicode.sty
File: xunicode.sty 2011/09/09 v0.981 provides access to latin accents and many 
other characters in Unicode lower plane
(/usr/local/texlive/2015/texmf-dist/tex/latex/tipa/t3enc.def
File: t3enc.def 2001/12/31 T3 encoding
LaTeX Font Info:    Try loading font information for EU1+lmss on input line 357
.
(/usr/local/texlive/2015/texmf-dist/tex/latex/euenc/eu1lmss.fd
File: eu1lmss.fd 2009/10/30 v1.6 Font defs for Latin Modern
))
\tipaTiiicode=\count131
\tipasavetokens=\toks20
\tipachecktokens=\toks21
(/usr/local/texlive/2015/texmf-dist/tex/latex/graphics/graphicx.sty
Package: graphicx 2014/10/28 v1.0g Enhanced LaTeX Graphics (DPC,SPQR)
(/usr/local/texlive/2015/texmf-dist/tex/latex/graphics/keyval.sty
Package: keyval 2014/10/28 v1.15 key=value parser (DPC)
\KV@toks@=\toks22
) (/usr/local/texlive/2015/texmf-dist/tex/latex/graphics/graphics.sty
Package: graphics 2014/10/28 v1.0p Standard LaTeX Graphics (DPC,SPQR)
(/usr/local/texlive/2015/texmf-dist/tex/latex/graphics/trig.sty
Package: trig 1999/03/16 v1.09 sin cos tan (DPC)
) (/usr/local/texlive/2015/texmf-dist/tex/latex/latexconfig/graphics.cfg
File: graphics.cfg 2010/04/23 v1.9 graphics configuration of TeX Live
)
Package graphics Info: Driver file: xetex.def on input line 94.
(/usr/local/texlive/2015/texmf-dist/tex/xelatex/xetex-def/xetex.def
File: xetex.def 2015/03/25 v4.04 LaTeX color/graphics driver for XeTeX (TeX Liv
e/RRM/JK)
))
\Gin@req@height=\dimen146
\Gin@req@width=\dimen147
))
.................................................
. LaTeX info: "xparse/define-command"
. 
. Defining command \__fontspec_post_arg:w with sig. 'mmO{}' on line 42.
.................................................
.................................................
. LaTeX info: "xparse/define-command"
. 
. Defining command \fontspec with sig. 'om' on line 44.
.................................................
.................................................
. LaTeX info: "xparse/define-command"
. 
. Defining command \setmainfont with sig. 'om' on line 54.
.................................................
.................................................
. LaTeX info: "xparse/define-command"
. 
. Defining command \setsansfont with sig. 'om' on line 64.
.................................................
.................................................
. LaTeX info: "xparse/define-command"
. 
. Defining command \setmonofont with sig. 'om' on line 74.
.................................................
.................................................
. LaTeX info: "xparse/define-command"
. 
. Defining command \setmathrm with sig. 'om' on line 88.
.................................................
.................................................
. LaTeX info: "xparse/define-command"
. 
. Defining command \setboldmathrm with sig. 'om' on line 96.
.................................................
.................................................
. LaTeX info: "xparse/define-command"
. 
. Defining command \setmathsf with sig. 'om' on line 104.
.................................................
.................................................
. LaTeX info: "xparse/define-command"
. 
. Defining command \setmathtt with sig. 'om' on line 112.
.................................................
.................................................
. LaTeX info: "xparse/define-command"
. 
. Defining command \newfontfamily with sig. 'mom' on line 126.
.................................................
.................................................
. LaTeX info: "xparse/define-command"
. 
. Defining command \newfontface with sig. 'mom' on line 141.
.................................................
.................................................
. LaTeX info: "xparse/define-command"
. 
. Defining command \defaultfontfeatures with sig. 't+om' on line 155.
.................................................
.................................................
. LaTeX info: "xparse/define-command"
. 
. Defining command \addfontfeatures with sig. 'm' on line 210.
.................................................
.................................................
. LaTeX info: "xparse/define-command"
. 
. Defining command \newfontfeature with sig. 'mm' on line 221.
.................................................
.................................................
. LaTeX info: "xparse/define-command"
. 
. Defining command \newAATfeature with sig. 'mmmm' on line 229.
.................................................
.................................................
. LaTeX info: "xparse/define-command"
. 
. Defining command \newopentypefeature with sig. 'mmm' on line 237.
.................................................
.................................................
. LaTeX info: "xparse/define-command"
. 
. Defining command \aliasfontfeature with sig. 'mm' on line 261.
.................................................
.................................................
. LaTeX info: "xparse/define-command"
. 
. Defining command \aliasfontfeatureoption with sig. 'mmm' on line 270.
.................................................
.................................................
. LaTeX info: "xparse/define-command"
. 
. Defining command \newfontscript with sig. 'mm' on line 275.
.................................................
.................................................
. LaTeX info: "xparse/define-command"
. 
. Defining command \newfontlanguage with sig. 'mm' on line 301.
.................................................
.................................................
. LaTeX info: "xparse/define-command"
. 
. Defining command \DeclareFontsExtensions with sig. 'm' on line 321.
.................................................
Variant \prop_gput:cnV already defined; not changing it on line 704
Variant \prop_gput:cnx already defined; not changing it on line 705
\l__fontspec_tmp_int=\count132
LaTeX Info: Redefining \itshape on input line 2232.
LaTeX Info: Redefining \slshape on input line 2237.
LaTeX Info: Redefining \scshape on input line 2242.
LaTeX Info: Redefining \upshape on input line 2247.
(/usr/local/texlive/2015/texmf-dist/tex/latex/fontspec/fontspec.cfg))) (/usr/lo
cal/texlive/2015/texmf-dist/tex/latex/xkeyval/xkeyval.sty
Package: xkeyval 2014/12/03 v2.7a package option processing (HA)
(/usr/local/texlive/2015/texmf-dist/tex/generic/xkeyval/xkeyval.tex (/usr/local
/texlive/2015/texmf-dist/tex/generic/xkeyval/xkvutils.tex
\XKV@toks=\toks23
\XKV@tempa@toks=\toks24
)
\XKV@depth=\count133
File: xkeyval.tex 2014/12/03 v2.7a key=value parser (HA)
))
\c@eu@=\count134
\c@eu@i=\count135
\c@mkern=\count136
) (/usr/local/texlive/2015/texmf-dist/tex/latex/upquote/upquote.sty
Package: upquote 2012/04/19 v1.3 upright-quote and grave-accent glyphs in verba
tim
(/usr/local/texlive/2015/texmf-dist/tex/latex/base/textcomp.sty
Package: textcomp 2005/09/27 v1.99g Standard LaTeX package
Package textcomp Info: Sub-encoding information:
(textcomp)               5 = only ISO-Adobe without \textcurrency
(textcomp)               4 = 5 + \texteuro
(textcomp)               3 = 4 + \textohm
(textcomp)               2 = 3 + \textestimated + \textcurrency
(textcomp)               1 = TS1 - \textcircled - \t
(textcomp)               0 = TS1 (full)
(textcomp)             Font families with sub-encoding setting implement
(textcomp)             only a restricted character set as indicated.
(textcomp)             Family '?' is the default used for unknown fonts.
(textcomp)             See the documentation for details.
Package textcomp Info: Setting ? sub-encoding to TS1/1 on input line 79.
(/usr/local/texlive/2015/texmf-dist/tex/latex/base/ts1enc.def
File: ts1enc.def 2001/06/05 v3.0e (jk/car/fm) Standard LaTeX file
)
LaTeX Info: Redefining \oldstylenums on input line 334.
Package textcomp Info: Setting cmr sub-encoding to TS1/0 on input line 349.
Package textcomp Info: Setting cmss sub-encoding to TS1/0 on input line 350.
Package textcomp Info: Setting cmtt sub-encoding to TS1/0 on input line 351.
Package textcomp Info: Setting cmvtt sub-encoding to TS1/0 on input line 352.
Package textcomp Info: Setting cmbr sub-encoding to TS1/0 on input line 353.
Package textcomp Info: Setting cmtl sub-encoding to TS1/0 on input line 354.
Package textcomp Info: Setting ccr sub-encoding to TS1/0 on input line 355.
Package textcomp Info: Setting ptm sub-encoding to TS1/4 on input line 356.
Package textcomp Info: Setting pcr sub-encoding to TS1/4 on input line 357.
Package textcomp Info: Setting phv sub-encoding to TS1/4 on input line 358.
Package textcomp Info: Setting ppl sub-encoding to TS1/3 on input line 359.
Package textcomp Info: Setting pag sub-encoding to TS1/4 on input line 360.
Package textcomp Info: Setting pbk sub-encoding to TS1/4 on input line 361.
Package textcomp Info: Setting pnc sub-encoding to TS1/4 on input line 362.
Package textcomp Info: Setting pzc sub-encoding to TS1/4 on input line 363.
Package textcomp Info: Setting bch sub-encoding to TS1/4 on input line 364.
Package textcomp Info: Setting put sub-encoding to TS1/5 on input line 365.
Package textcomp Info: Setting uag sub-encoding to TS1/5 on input line 366.
Package textcomp Info: Setting ugq sub-encoding to TS1/5 on input line 367.
Package textcomp Info: Setting ul8 sub-encoding to TS1/4 on input line 368.
Package textcomp Info: Setting ul9 sub-encoding to TS1/4 on input line 369.
Package textcomp Info: Setting augie sub-encoding to TS1/5 on input line 370.
Package textcomp Info: Setting dayrom sub-encoding to TS1/3 on input line 371.
Package textcomp Info: Setting dayroms sub-encoding to TS1/3 on input line 372.

Package textcomp Info: Setting pxr sub-encoding to TS1/0 on input line 373.
Package textcomp Info: Setting pxss sub-encoding to TS1/0 on input line 374.
Package textcomp Info: Setting pxtt sub-encoding to TS1/0 on input line 375.
Package textcomp Info: Setting txr sub-encoding to TS1/0 on input line 376.
Package textcomp Info: Setting txss sub-encoding to TS1/0 on input line 377.
Package textcomp Info: Setting txtt sub-encoding to TS1/0 on input line 378.
Package textcomp Info: Setting lmr sub-encoding to TS1/0 on input line 379.
Package textcomp Info: Setting lmdh sub-encoding to TS1/0 on input line 380.
Package textcomp Info: Setting lmss sub-encoding to TS1/0 on input line 381.
Package textcomp Info: Setting lmssq sub-encoding to TS1/0 on input line 382.
Package textcomp Info: Setting lmvtt sub-encoding to TS1/0 on input line 383.
Package textcomp Info: Setting lmtt sub-encoding to TS1/0 on input line 384.
Package textcomp Info: Setting qhv sub-encoding to TS1/0 on input line 385.
Package textcomp Info: Setting qag sub-encoding to TS1/0 on input line 386.
Package textcomp Info: Setting qbk sub-encoding to TS1/0 on input line 387.
Package textcomp Info: Setting qcr sub-encoding to TS1/0 on input line 388.
Package textcomp Info: Setting qcs sub-encoding to TS1/0 on input line 389.
Package textcomp Info: Setting qpl sub-encoding to TS1/0 on input line 390.
Package textcomp Info: Setting qtm sub-encoding to TS1/0 on input line 391.
Package textcomp Info: Setting qzc sub-encoding to TS1/0 on input line 392.
Package textcomp Info: Setting qhvc sub-encoding to TS1/0 on input line 393.
Package textcomp Info: Setting futs sub-encoding to TS1/4 on input line 394.
Package textcomp Info: Setting futx sub-encoding to TS1/4 on input line 395.
Package textcomp Info: Setting futj sub-encoding to TS1/4 on input line 396.
Package textcomp Info: Setting hlh sub-encoding to TS1/3 on input line 397.
Package textcomp Info: Setting hls sub-encoding to TS1/3 on input line 398.
Package textcomp Info: Setting hlst sub-encoding to TS1/3 on input line 399.
Package textcomp Info: Setting hlct sub-encoding to TS1/5 on input line 400.
Package textcomp Info: Setting hlx sub-encoding to TS1/5 on input line 401.
Package textcomp Info: Setting hlce sub-encoding to TS1/5 on input line 402.
Package textcomp Info: Setting hlcn sub-encoding to TS1/5 on input line 403.
Package textcomp Info: Setting hlcw sub-encoding to TS1/5 on input line 404.
Package textcomp Info: Setting hlcf sub-encoding to TS1/5 on input line 405.
Package textcomp Info: Setting pplx sub-encoding to TS1/3 on input line 406.
Package textcomp Info: Setting pplj sub-encoding to TS1/3 on input line 407.
Package textcomp Info: Setting ptmx sub-encoding to TS1/4 on input line 408.
Package textcomp Info: Setting ptmj sub-encoding to TS1/4 on input line 409.
)) (/usr/local/texlive/2015/texmf-dist/tex/latex/microtype/microtype.sty
Package: microtype 2013/05/23 v2.5a Micro-typographical refinements (RS)
\MT@toks=\toks25
\MT@count=\count137
LaTeX Info: Redefining \textls on input line 766.
\MT@outer@kern=\dimen148
LaTeX Info: Redefining \textmicrotypecontext on input line 1285.
\MT@listname@count=\count138
(/usr/local/texlive/2015/texmf-dist/tex/latex/microtype/microtype-xetex.def
File: microtype-xetex.def 2013/05/23 v2.5a Definitions specific to xetex (RS)
LaTeX Info: Redefining \lsstyle on input line 254.
)
Package microtype Info: Loading configuration file microtype.cfg.
(/usr/local/texlive/2015/texmf-dist/tex/latex/microtype/microtype.cfg
File: microtype.cfg 2013/05/23 v2.5a microtype main configuration file (RS)
)) (/usr/local/texlive/2015/texmf-dist/tex/latex/geometry/geometry.sty
Package: geometry 2010/09/12 v5.6 Page Geometry
(/usr/local/texlive/2015/texmf-dist/tex/generic/oberdiek/ifpdf.sty
Package: ifpdf 2011/01/30 v2.3 Provides the ifpdf switch (HO)
Package ifpdf Info: pdfTeX in PDF mode is not detected.
) (/usr/local/texlive/2015/texmf-dist/tex/generic/oberdiek/ifvtex.sty
Package: ifvtex 2010/03/01 v1.5 Detect VTeX and its facilities (HO)
Package ifvtex Info: VTeX not detected.
)
\Gm@cnth=\count139
\Gm@cntv=\count140
\c@Gm@tempcnt=\count141
\Gm@bindingoffset=\dimen149
\Gm@wd@mp=\dimen150
\Gm@odd@mp=\dimen151
\Gm@even@mp=\dimen152
\Gm@layoutwidth=\dimen153
\Gm@layoutheight=\dimen154
\Gm@layouthoffset=\dimen155
\Gm@layoutvoffset=\dimen156
\Gm@dimlist=\toks26
) (/usr/local/texlive/2015/texmf-dist/tex/latex/hyperref/hyperref.sty
Package: hyperref 2012/11/06 v6.83m Hypertext links for LaTeX
(/usr/local/texlive/2015/texmf-dist/tex/generic/oberdiek/hobsub-hyperref.sty
Package: hobsub-hyperref 2012/05/28 v1.13 Bundle oberdiek, subset hyperref (HO)

(/usr/local/texlive/2015/texmf-dist/tex/generic/oberdiek/hobsub-generic.sty
Package: hobsub-generic 2012/05/28 v1.13 Bundle oberdiek, subset generic (HO)
Package: hobsub 2012/05/28 v1.13 Construct package bundles (HO)
Package: infwarerr 2010/04/08 v1.3 Providing info/warning/error messages (HO)
Package: ltxcmds 2011/11/09 v1.22 LaTeX kernel commands for general use (HO)
Package hobsub Info: Skipping package `ifluatex' (already loaded).
Package hobsub Info: Skipping package `ifvtex' (already loaded).
Package: intcalc 2007/09/27 v1.1 Expandable calculations with integers (HO)
Package hobsub Info: Skipping package `ifpdf' (already loaded).
Package: etexcmds 2011/02/16 v1.5 Avoid name clashes with e-TeX commands (HO)
Package etexcmds Info: Could not find \expanded.
(etexcmds)             That can mean that you are not using pdfTeX 1.50 or
(etexcmds)             that some package has redefined \expanded.
(etexcmds)             In the latter case, load this package earlier.
Package: kvsetkeys 2012/04/25 v1.16 Key value parser (HO)
Package: kvdefinekeys 2011/04/07 v1.3 Define keys (HO)
Package: pdftexcmds 2011/11/29 v0.20 Utility functions of pdfTeX for LuaTeX (HO
)
Package pdftexcmds Info: LuaTeX not detected.
Package pdftexcmds Info: pdfTeX >= 1.30 not detected.
Package pdftexcmds Info: \pdf@primitive is available.
Package pdftexcmds Info: \pdf@ifprimitive is available.
Package pdftexcmds Info: \pdfdraftmode not found.
Package: pdfescape 2011/11/25 v1.13 Implements pdfTeX's escape features (HO)
Package: bigintcalc 2012/04/08 v1.3 Expandable calculations on big integers (HO
)
Package: bitset 2011/01/30 v1.1 Handle bit-vector datatype (HO)
Package: uniquecounter 2011/01/30 v1.2 Provide unlimited unique counter (HO)
)
Package hobsub Info: Skipping package `hobsub' (already loaded).
Package: letltxmacro 2010/09/02 v1.4 Let assignment for LaTeX macros (HO)
Package: hopatch 2012/05/28 v1.2 Wrapper for package hooks (HO)
Package: xcolor-patch 2011/01/30 xcolor patch
Package: atveryend 2011/06/30 v1.8 Hooks at the very end of document (HO)
Package: atbegshi 2011/10/05 v1.16 At begin shipout hook (HO)
Package: refcount 2011/10/16 v3.4 Data extraction from label references (HO)
Package: hycolor 2011/01/30 v1.7 Color options for hyperref/bookmark (HO)
) (/usr/local/texlive/2015/texmf-dist/tex/latex/oberdiek/auxhook.sty
Package: auxhook 2011/03/04 v1.3 Hooks for auxiliary files (HO)
) (/usr/local/texlive/2015/texmf-dist/tex/latex/oberdiek/kvoptions.sty
Package: kvoptions 2011/06/30 v3.11 Key value format for package options (HO)
)
\@linkdim=\dimen157
\Hy@linkcounter=\count142
\Hy@pagecounter=\count143
(/usr/local/texlive/2015/texmf-dist/tex/latex/hyperref/pd1enc.def
File: pd1enc.def 2012/11/06 v6.83m Hyperref: PDFDocEncoding definition (HO)
)
\Hy@SavedSpaceFactor=\count144
(/usr/local/texlive/2015/texmf-dist/tex/latex/latexconfig/hyperref.cfg
File: hyperref.cfg 2002/06/06 v1.2 hyperref configuration of TeXLive
)
Package hyperref Info: Hyper figures OFF on input line 4443.
Package hyperref Info: Link nesting OFF on input line 4448.
Package hyperref Info: Hyper index ON on input line 4451.
Package hyperref Info: Plain pages OFF on input line 4458.
Package hyperref Info: Backreferencing OFF on input line 4463.
Package hyperref Info: Implicit mode ON; LaTeX internals redefined.
Package hyperref Info: Bookmarks ON on input line 4688.
\c@Hy@tempcnt=\count145
(/usr/local/texlive/2015/texmf-dist/tex/latex/url/url.sty
\Urlmuskip=\muskip17
Package: url 2013/09/16  ver 3.4  Verb mode for urls, etc.
)
LaTeX Info: Redefining \url on input line 5041.
\XeTeXLinkMargin=\dimen158
\Fld@menulength=\count146
\Field@Width=\dimen159
\Fld@charsize=\dimen160
Package hyperref Info: Hyper figures OFF on input line 6295.
Package hyperref Info: Link nesting OFF on input line 6300.
Package hyperref Info: Hyper index ON on input line 6303.
Package hyperref Info: backreferencing OFF on input line 6310.
Package hyperref Info: Link coloring OFF on input line 6315.
Package hyperref Info: Link coloring with OCG OFF on input line 6320.
Package hyperref Info: PDF/A mode OFF on input line 6325.
LaTeX Info: Redefining \ref on input line 6365.
LaTeX Info: Redefining \pageref on input line 6369.
\Hy@abspage=\count147
\c@Item=\count148
\c@Hfootnote=\count149
)

Package hyperref Message: Driver (autodetected): hxetex.

(/usr/local/texlive/2015/texmf-dist/tex/latex/hyperref/hxetex.def
File: hxetex.def 2012/11/06 v6.83m Hyperref driver for XeTeX
(/usr/local/texlive/2015/texmf-dist/tex/latex/hyperref/puenc.def
File: puenc.def 2012/11/06 v6.83m Hyperref: PDF Unicode definition (HO)
) (/usr/local/texlive/2015/texmf-dist/tex/generic/oberdiek/stringenc.sty
Package: stringenc 2011/12/02 v1.10 Convert strings between diff. encodings (HO
)
)
\pdfm@box=\box43
\c@Hy@AnnotLevel=\count150
\HyField@AnnotCount=\count151
\Fld@listcount=\count152
\c@bookmark@seq@number=\count153
(/usr/local/texlive/2015/texmf-dist/tex/latex/oberdiek/rerunfilecheck.sty
Package: rerunfilecheck 2011/04/15 v1.7 Rerun checks for auxiliary files (HO)
Package rerunfilecheck Info: Feature \pdfmdfivesum is not available
(rerunfilecheck)             (e.g. pdfTeX or LuaTeX with package `pdftexcmds').

(rerunfilecheck)             Therefore file contents cannot be checked efficien
tly
(rerunfilecheck)             and the loading of the package is aborted.
)
\Hy@SectionHShift=\skip52
)
Package hyperref Info: Option `unicode' set `true' on input line 30.
(/usr/local/texlive/2015/texmf-dist/tex/generic/oberdiek/se-ascii-print.def
File: se-ascii-print.def 2011/12/02 v1.10 stringenc: Printable ASCII characters

)
Package hyperref Info: Option `breaklinks' set `true' on input line 30.
(/usr/local/texlive/2015/texmf-dist/tex/latex/natbib/natbib.sty
Package: natbib 2010/09/13 8.31b (PWD, AO)
\bibhang=\skip53
\bibsep=\skip54
LaTeX Info: Redefining \cite on input line 694.
\c@NAT@ctr=\count154
) (/usr/local/texlive/2015/texmf-dist/tex/latex/tools/longtable.sty
Package: longtable 2014/10/28 v4.11 Multi-page Table package (DPC)
\LTleft=\skip55
\LTright=\skip56
\LTpre=\skip57
\LTpost=\skip58
\LTchunksize=\count155
\LTcapwidth=\dimen161
\LT@head=\box44
\LT@firsthead=\box45
\LT@foot=\box46
\LT@lastfoot=\box47
\LT@cols=\count156
\LT@rows=\count157
\c@LT@tables=\count158
\c@LT@chunks=\count159
\LT@p@ftn=\toks27
) (/usr/local/texlive/2015/texmf-dist/tex/latex/booktabs/booktabs.sty
Package: booktabs 2005/04/14 v1.61803 publication quality tables
\heavyrulewidth=\dimen162
\lightrulewidth=\dimen163
\cmidrulewidth=\dimen164
\belowrulesep=\dimen165
\belowbottomsep=\dimen166
\aboverulesep=\dimen167
\abovetopsep=\dimen168
\cmidrulesep=\dimen169
\cmidrulekern=\dimen170
\defaultaddspace=\dimen171
\@cmidla=\count160
\@cmidlb=\count161
\@aboverulesep=\dimen172
\@belowrulesep=\dimen173
\@thisruleclass=\count162
\@lastruleclass=\count163
\@thisrulewidth=\dimen174
) (/usr/local/texlive/2015/texmf-dist/tex/latex/oberdiek/grffile.sty
Package: grffile 2012/04/05 v1.16 Extended file name support for graphics (HO)
Package grffile Info: \Gread@QTm patched on input line 253.
Package grffile Info: \Gread@eps patched on input line 303.
Package grffile Info: Option `multidot' is set to `true'.
Package grffile Info: Option `extendedchars' is set to `false'.
Package grffile Info: Option `space' is set to `true'.
Package grffile Info: \Gin@ii of package `graphicx' fixed on input line 486.
) (/usr/local/texlive/2015/texmf-dist/tex/latex/parskip/parskip.sty
Package: parskip 2001/04/09 non-zero parskip adjustments
) (/usr/local/texlive/2015/texmf-dist/tex/latex/titling/titling.sty
Package: titling 2009/09/04 v2.1d maketitle typesetting
\thanksmarkwidth=\skip59
\thanksmargin=\skip60
\droptitle=\skip61
) (./thesis_source.aux)
\openout1 = `thesis_source.aux'.

LaTeX Font Info:    Checking defaults for OML/cmm/m/it on input line 92.
LaTeX Font Info:    ... okay on input line 92.
LaTeX Font Info:    Checking defaults for T1/cmr/m/n on input line 92.
LaTeX Font Info:    ... okay on input line 92.
LaTeX Font Info:    Checking defaults for OT1/cmr/m/n on input line 92.
LaTeX Font Info:    ... okay on input line 92.
LaTeX Font Info:    Checking defaults for OMS/cmsy/m/n on input line 92.
LaTeX Font Info:    ... okay on input line 92.
LaTeX Font Info:    Checking defaults for OMX/cmex/m/n on input line 92.
LaTeX Font Info:    ... okay on input line 92.
LaTeX Font Info:    Checking defaults for U/cmr/m/n on input line 92.
LaTeX Font Info:    ... okay on input line 92.
LaTeX Font Info:    Checking defaults for EU1/lmr/m/n on input line 92.
LaTeX Font Info:    ... okay on input line 92.
LaTeX Font Info:    Checking defaults for T3/cmr/m/n on input line 92.
LaTeX Font Info:    Try loading font information for T3+cmr on input line 92.
(/usr/local/texlive/2015/texmf-dist/tex/latex/tipa/t3cmr.fd
File: t3cmr.fd 2001/12/31 TIPA font definitions
)
LaTeX Font Info:    ... okay on input line 92.
LaTeX Font Info:    Checking defaults for TS1/cmr/m/n on input line 92.
LaTeX Font Info:    Try loading font information for TS1+cmr on input line 92.
(/usr/local/texlive/2015/texmf-dist/tex/latex/base/ts1cmr.fd
File: ts1cmr.fd 2014/09/29 v2.5h Standard LaTeX font definitions
)
LaTeX Font Info:    ... okay on input line 92.
LaTeX Font Info:    Checking defaults for PD1/pdf/m/n on input line 92.
LaTeX Font Info:    ... okay on input line 92.
LaTeX Font Info:    Checking defaults for PU/pdf/m/n on input line 92.
LaTeX Font Info:    ... okay on input line 92.
LaTeX Info: Redefining \microtypecontext on input line 92.
Package microtype Info: Character protrusion enabled (level 2).
Package microtype Info: Using protrusion set `basicmath'.
Package microtype Info: No adjustment of tracking.
Package microtype Info: No adjustment of spacing.
Package microtype Info: No adjustment of kerning.

(/usr/local/texlive/2015/texmf-dist/tex/latex/microtype/mt-LatinModernRoman.cfg
File: mt-LatinModernRoman.cfg 2013/03/13 v1.0 microtype config. file: Latin Mod
ern Roman (RS)
)
*geometry* driver: auto-detecting
*geometry* detected driver: xetex
*geometry* verbose mode - [ preamble ] result:
* driver: xetex
* paper: <default>
* layout: <same size as paper>
* layoutoffset:(h,v)=(0.0pt,0.0pt)
* modes: twoside 
* h-part:(L,W,R)=(72.26999pt, 469.75502pt, 72.26999pt)
* v-part:(T,H,B)=(72.26999pt, 650.43001pt, 72.26999pt)
* \paperwidth=614.295pt
* \paperheight=794.96999pt
* \textwidth=469.75502pt
* \textheight=650.43001pt
* \oddsidemargin=0.0pt
* \evensidemargin=0.0pt
* \topmargin=-30.06749pt
* \headheight=12.0pt
* \headsep=18.06749pt
* \topskip=10.0pt
* \footskip=25.29494pt
* \marginparwidth=125.0pt
* \marginparsep=7.0pt
* \columnsep=10.0pt
* \skip\footins=9.0pt plus 4.0pt minus 2.0pt
* \hoffset=0.0pt
* \voffset=0.0pt
* \mag=1000
* \@twocolumnfalse
* \@twosidetrue
* \@mparswitchtrue
* \@reversemarginfalse
* (1in=72.27pt=25.4mm, 1cm=28.453pt)

\AtBeginShipoutBox=\box48
Package hyperref Info: Link coloring OFF on input line 92.
(/usr/local/texlive/2015/texmf-dist/tex/latex/hyperref/nameref.sty
Package: nameref 2012/10/27 v2.43 Cross-referencing by name of section
(/usr/local/texlive/2015/texmf-dist/tex/generic/oberdiek/gettitlestring.sty
Package: gettitlestring 2010/12/03 v1.4 Cleanup title references (HO)
)
\c@section@level=\count164
)
LaTeX Info: Redefining \ref on input line 92.
LaTeX Info: Redefining \pageref on input line 92.
LaTeX Info: Redefining \nameref on input line 92.
(./thesis_source.out) (./thesis_source.out)
\@outlinefile=\write3
\openout3 = `thesis_source.out'.

[1


] [2

] (./thesis_source.toc
LaTeX Font Info:    Try loading font information for OT1+lmr on input line 2.
(/usr/local/texlive/2015/texmf-dist/tex/latex/lm/ot1lmr.fd
File: ot1lmr.fd 2009/10/30 v1.6 Font defs for Latin Modern
)
Package microtype Info: Loading generic settings for font family
(microtype)             `lmr' (encoding: OT1).
(microtype)             For optimal results, create family-specific settings.
(microtype)             See the microtype manual for details.
LaTeX Font Info:    Try loading font information for OML+lmm on input line 2.
(/usr/local/texlive/2015/texmf-dist/tex/latex/lm/omllmm.fd
File: omllmm.fd 2009/10/30 v1.6 Font defs for Latin Modern
)
LaTeX Font Info:    Try loading font information for OMS+lmsy on input line 2.
(/usr/local/texlive/2015/texmf-dist/tex/latex/lm/omslmsy.fd
File: omslmsy.fd 2009/10/30 v1.6 Font defs for Latin Modern
)
LaTeX Font Info:    Try loading font information for OMX+lmex on input line 2.
(/usr/local/texlive/2015/texmf-dist/tex/latex/lm/omxlmex.fd
File: omxlmex.fd 2009/10/30 v1.6 Font defs for Latin Modern
)
LaTeX Font Info:    External font `lmex10' loaded for size
(Font)              <10> on input line 2.
LaTeX Font Info:    External font `lmex10' loaded for size
(Font)              <7> on input line 2.
LaTeX Font Info:    External font `lmex10' loaded for size
(Font)              <5> on input line 2.
LaTeX Font Info:    Try loading font information for U+msa on input line 2.
(/usr/local/texlive/2015/texmf-dist/tex/latex/amsfonts/umsa.fd
File: umsa.fd 2013/01/14 v3.01 AMS symbols A
) (/usr/local/texlive/2015/texmf-dist/tex/latex/microtype/mt-msa.cfg
File: mt-msa.cfg 2006/02/04 v1.1 microtype config. file: AMS symbols (a) (RS)
)
LaTeX Font Info:    Try loading font information for U+msb on input line 2.
(/usr/local/texlive/2015/texmf-dist/tex/latex/amsfonts/umsb.fd
File: umsb.fd 2013/01/14 v3.01 AMS symbols B
) (/usr/local/texlive/2015/texmf-dist/tex/latex/microtype/mt-msb.cfg
File: mt-msb.cfg 2005/06/01 v1.0 microtype config. file: AMS symbols (b) (RS)
))
\tf@toc=\write4
\openout4 = `thesis_source.toc'.

[3] [4

]
Chapter 1.
File: _bookdown_files/figures/main_work_flow.png Graphic file (type QTm)
<use  "_bookdown_files/figures/main_work_flow.png" >
Underfull \vbox (badness 10000) has occurred while \output is active []

[5] [6]
Chapter 2.

Package natbib Warning: Citation `wickham2016r' on page 7 undefined on input li
ne 239.


Package natbib Warning: Citation `r2008' on page 7 undefined on input line 251.



Package natbib Warning: Citation `py95' on page 7 undefined on input line 252.

[7

]

Package natbib Warning: Citation `yuwono1996search' on page 8 undefined on inpu
t line 317.

[8]

Package natbib Warning: Citation `readr2017r' on page 9 undefined on input line
 368.


Package natbib Warning: Citation `wickham2014tidy' on page 9 undefined on input
 line 380.


Package natbib Warning: Citation `leek2015elements' on page 9 undefined on inpu
t line 383.


Package natbib Warning: Citation `silge2016tidytext' on page 9 undefined on inp
ut line 404.


Package natbib Warning: Citation `mctear2016conversational' on page 9 undefined
 on input line 424.

[9]

Package natbib Warning: Citation `dell2009ensemble' on page 10 undefined on inp
ut line 454.


Package natbib Warning: Citation `attardi2009reverse' on page 10 undefined on i
nput line 454.


Package natbib Warning: Citation `attardi2009accurate' on page 10 undefined on 
input line 454.


Package natbib Warning: Citation `dell2009ensemble' on page 10 undefined on inp
ut line 469.


Package natbib Warning: Citation `attardi2009reverse' on page 10 undefined on i
nput line 469.


Package natbib Warning: Citation `attardi2009accurate' on page 10 undefined on 
input line 469.


Package natbib Warning: Citation `porter1980algorithm' on page 10 undefined on 
input line 483.


Package natbib Warning: Citation `hankamer1989morphological' on page 10 undefin
ed on input line 498.

[10]

Package natbib Warning: Citation `attardi2006experiments' on page 11 undefined 
on input line 559.


Package natbib Warning: Citation `wickham2016r' on page 11 undefined on input l
ine 567.


Package natbib Warning: Citation `james2013introduction' on page 11 undefined o
n input line 573.


Package natbib Warning: Citation `lafferty2001document' on page 11 undefined on
 input line 589.


Package natbib Warning: Citation `bellegarda2004statistical' on page 11 undefin
ed on input line 595.


Package natbib Warning: Citation `brants2012large' on page 11 undefined on inpu
t line 599.


Package natbib Warning: Citation `gibson1994tools' on page 11 undefined on inpu
t line 602.

[11]

Package natbib Warning: Citation `borko1963automatic' on page 12 undefined on i
nput line 616.


Package natbib Warning: Citation `aggarwal2012survey' on page 12 undefined on i
nput line 617.

Missing character: There is no ∈ in font [lmroman10-regular]:mapping=tex-text!

Package natbib Warning: Citation `aggarwal2012survey' on page 12 undefined on i
nput line 662.


Package natbib Warning: Citation `sebastiani2002machine' on page 12 undefined o
n input line 668.

[12]

Package natbib Warning: Citation `yang2004building' on page 13 undefined on inp
ut line 690.


Package natbib Warning: Citation `joachims1998text' on page 13 undefined on inp
ut line 697.


Package natbib Warning: Citation `manevitz2001one' on page 13 undefined on inpu
t line 697.


Package natbib Warning: Citation `pop2006approach' on page 13 undefined on inpu
t line 704.


Package natbib Warning: Citation `manevitz2007one' on page 13 undefined on inpu
t line 716.


Package natbib Warning: Citation `lai2015recurrent' on page 13 undefined on inp
ut line 719.


Package natbib Warning: Citation `kim2014convolutional' on page 13 undefined on
 input line 719.


Package natbib Warning: Citation `pang2008opinion' on page 13 undefined on inpu
t line 726.


Package natbib Warning: Citation `liu2012survey' on page 13 undefined on input 
line 734.


Package natbib Warning: Citation `miller1995wordnet' on page 13 undefined on in
put line 755.


Package natbib Warning: Citation `hu2004mining' on page 13 undefined on input l
ine 756.


Package natbib Warning: Citation `kim2004determining' on page 13 undefined on i
nput line 756.


Package natbib Warning: Citation `ding2008holistic' on page 13 undefined on inp
ut line 764.


Package natbib Warning: Citation `baccianella2010sentiwordnet' on page 13 undef
ined on input line 764.


Package natbib Warning: Citation `hu2004mining' on page 13 undefined on input l
ine 764.


Package natbib Warning: Citation `philip1966general' on page 13 undefined on in
put line 764.


Package natbib Warning: Citation `wiebe1999development' on page 13 undefined on
 input line 764.


Package natbib Warning: Citation `chiarello2017product' on page 13 undefined on
 input line 767.

[13]

Package natbib Warning: Citation `mullen2004sentiment' on page 14 undefined on 
input line 773.


Package natbib Warning: Citation `prabowo2009sentiment' on page 14 undefined on
 input line 778.


Package natbib Warning: Citation `pang2002thumbs' on page 14 undefined on input
 line 780.


Package natbib Warning: Citation `pang2008opinion' on page 14 undefined on inpu
t line 783.


Package natbib Warning: Citation `jain1988algorithms' on page 14 undefined on i
nput line 790.


Package natbib Warning: Citation `kaufman2009finding' on page 14 undefined on i
nput line 790.


Package natbib Warning: Citation `anick1997exploiting' on page 14 undefined on 
input line 795.


Package natbib Warning: Citation `cutting1993constant' on page 14 undefined on 
input line 795.


Package natbib Warning: Citation `guha1998cure' on page 14 undefined on input l
ine 799.


Package natbib Warning: Citation `han2001spatial' on page 14 undefined on input
 line 799.


Package natbib Warning: Citation `zhang1996birch' on page 14 undefined on input
 line 799.


Package natbib Warning: Citation `cutting2017scatter' on page 14 undefined on i
nput line 803.


Package natbib Warning: Citation `schutze1997projections' on page 14 undefined 
on input line 804.


Package natbib Warning: Citation `baker1998distributional' on page 14 undefined
 on input line 805.


Package natbib Warning: Citation `bekkerman2001feature' on page 14 undefined on
 input line 805.


Package natbib Warning: Citation `aggarwal2012survey' on page 14 undefined on i
nput line 816.


Package natbib Warning: Citation `ricardo2011modern' on page 14 undefined on in
put line 840.

[14]

Package natbib Warning: Citation `eddy1996hidden' on page 15 undefined on input
 line 877.


Package natbib Warning: Citation `lafferty2001conditional' on page 15 undefined
 on input line 878.


Package natbib Warning: Citation `hearst1998support' on page 15 undefined on in
put line 879.


Package natbib Warning: Citation `lample2016neural' on page 15 undefined on inp
ut line 880.


Package natbib Warning: Citation `misawa2017character' on page 15 undefined on 
input line 880.


Package natbib Warning: Citation `crain2012dimensionality' on page 15 undefined
 on input line 889.


Package natbib Warning: Citation `blei2003latent' on page 15 undefined on input
 line 911.


Package natbib Warning: Citation `parker2017opinionated' on page 15 undefined o
n input line 923.


Package natbib Warning: Citation `friendly2001milestones' on page 15 undefined 
on input line 926.


Package natbib Warning: Citation `wickham2016ggplot2' on page 15 undefined on i
nput line 931.

[15]

Package natbib Warning: Citation `bikakis2018big' on page 16 undefined on input
 line 946.


Package natbib Warning: Citation `loukides2011data' on page 16 undefined on inp
ut line 948.


Package natbib Warning: Citation `tufte1990envisioning' on page 16 undefined on
 input line 952.


Package natbib Warning: Citation `tufte2006beautiful' on page 16 undefined on i
nput line 954.


Package natbib Warning: Citation `mulrow2002visual' on page 16 undefined on inp
ut line 959.


Package natbib Warning: Citation `few2012show' on page 16 undefined on input li
ne 991.

[16]

Package natbib Warning: Citation `wilkinson2006grammar' on page 17 undefined on
 input line 1051.


Package natbib Warning: Citation `wickham2008ggplot2' on page 17 undefined on i
nput line 1052.


Package natbib Warning: Citation `wickham2016r' on page 17 undefined on input l
ine 1116.


Package natbib Warning: Citation `R-base' on page 17 undefined on input line 11
18.


LaTeX Warning: Reference `applications' on page 17 undefined on input line 1120
.


Package natbib Warning: Citation `R-rmarkdown' on page 17 undefined on input li
ne 1121.


Underfull \vbox (badness 2753) has occurred while \output is active []

[17]

Package natbib Warning: Citation `wickham2016ggplot2' on page 18 undefined on i
nput line 1154.


Package natbib Warning: Citation `shiny2017' on page 18 undefined on input line
 1154.


Package natbib Warning: Citation `plotly2017' on page 18 undefined on input lin
e 1154.


Package natbib Warning: Citation `ggprah2018' on page 18 undefined on input lin
e 1154.


Package natbib Warning: Citation `ICWSM09154' on page 18 undefined on input lin
e 1154.

[18]

Package natbib Warning: Citation `ernst2003patent' on page 19 undefined on inpu
t line 1216.


Package natbib Warning: Citation `jin2015technology' on page 19 undefined on in
put line 1219.


Package natbib Warning: Citation `bonino2010review' on page 19 undefined on inp
ut line 1224.


Package natbib Warning: Citation `terragno1979' on page 19 undefined on input l
ine 1241.


Package natbib Warning: Citation `golzio2012' on page 19 undefined on input lin
e 1249.


Package natbib Warning: Citation `bergmann2008evaluating' on page 19 undefined 
on input line 1254.


Package natbib Warning: Citation `liang2007text' on page 19 undefined on input 
line 1255.


Package natbib Warning: Citation `burke2007' on page 19 undefined on input line
 1257.


Package natbib Warning: Citation `philipp2006' on page 19 undefined on input li
ne 1257.


Package natbib Warning: Citation `fantoni2013automatic' on page 19 undefined on
 input line 1261.

[19]

Package natbib Warning: Citation `abbas2014literature' on page 20 undefined on 
input line 1294.


Package natbib Warning: Citation `blanchard2007understanding' on page 20 undefi
ned on input line 1312.


Package natbib Warning: Citation `chiarello2017product' on page 20 undefined on
 input line 1313.


Package natbib Warning: Citation `Lee2009' on page 20 undefined on input line 1
315.


Package natbib Warning: Citation `Lee2015' on page 20 undefined on input line 1
315.


Package natbib Warning: Citation `Montecchi2013' on page 20 undefined on input 
line 1315.


Package natbib Warning: Citation `Park20131' on page 20 undefined on input line
 1322.


Package natbib Warning: Citation `Park2011a' on page 20 undefined on input line
 1322.


Package natbib Warning: Citation `Park20133' on page 20 undefined on input line
 1322.

[20]

Package natbib Warning: Citation `andersen1999hunt' on page 21 undefined on inp
ut line 1424.


Package natbib Warning: Citation `haupt2007patent' on page 21 undefined on inpu
t line 1428.


Package natbib Warning: Citation `lee2016stochastic' on page 21 undefined on in
put line 1466.

[21]

Package natbib Warning: Citation `moed2006citation' on page 22 undefined on inp
ut line 1508.


Package natbib Warning: Citation `narin1994patent' on page 22 undefined on inpu
t line 1511.


Package natbib Warning: Citation `karki1997patent' on page 22 undefined on inpu
t line 1513.


Package natbib Warning: Citation `erdi2013prediction' on page 22 undefined on i
nput line 1513.


Package natbib Warning: Citation `lee2017knowledge' on page 22 undefined on inp
ut line 1516.


Package natbib Warning: Citation `cowan2004network' on page 22 undefined on inp
ut line 1517.


Package natbib Warning: Citation `chen2004tracing' on page 22 undefined on inpu
t line 1518.


Package natbib Warning: Citation `gerken2012new' on page 22 undefined on input 
line 1524.


Package natbib Warning: Citation `rost2011strength' on page 22 undefined on inp
ut line 1532.


Package natbib Warning: Citation `alcacer2006patent' on page 22 undefined on in
put line 1533.


Package natbib Warning: Citation `hall2001nber' on page 22 undefined on input l
ine 1536.


Package natbib Warning: Citation `small2006tracking' on page 22 undefined on in
put line 1541.


Package natbib Warning: Citation `small1985clustering' on page 22 undefined on 
input line 1541.


Package natbib Warning: Citation `white1981author' on page 22 undefined on inpu
t line 1543.


Package natbib Warning: Citation `lai2005using' on page 22 undefined on input l
ine 1545.


Package natbib Warning: Citation `moehrle2010measures' on page 22 undefined on 
input line 1560.


Package natbib Warning: Citation `lee2009approach' on page 22 undefined on inpu
t line 1562.


Package natbib Warning: Citation `lee2015novelty' on page 22 undefined on input
 line 1562.

[22]

Package natbib Warning: Citation `burgman2015trusting' on page 23 undefined on 
input line 1612.


Package natbib Warning: Citation `kim2017novel' on page 23 undefined on input l
ine 1619.


Package natbib Warning: Citation `bassecoulard2007mapping' on page 23 undefined
 on input line 1622.


Package natbib Warning: Citation `mogoutov2007data' on page 23 undefined on inp
ut line 1627.


Package natbib Warning: Citation `youtie2008nanotechnology' on page 23 undefine
d on input line 1627.


Package natbib Warning: Citation `ghazinoory2013application' on page 23 undefin
ed on input line 1627.


Package natbib Warning: Citation `mogoutov2007data' on page 23 undefined on inp
ut line 1630.


Package natbib Warning: Citation `tseng2007text' on page 23 undefined on input 
line 1633.


Package natbib Warning: Citation `noh2015keyword' on page 23 undefined on input
 line 1633.


Package natbib Warning: Citation `tseng2007text' on page 23 undefined on input 
line 1639.


Package natbib Warning: Citation `kreuchauff2017patent' on page 23 undefined on
 input line 1644.


Package natbib Warning: Citation `boyack2013improving' on page 23 undefined on 
input line 1655.


Package natbib Warning: Citation `tseng2007text' on page 23 undefined on input 
line 1662.


Package natbib Warning: Citation `joung2017monitoring' on page 23 undefined on 
input line 1662.


Package natbib Warning: Citation `kreuchauff2017patent' on page 23 undefined on
 input line 1662.


Package natbib Warning: Citation `ozcan2017patent' on page 23 undefined on inpu
t line 1662.


Package natbib Warning: Citation `yoon2012detecting' on page 23 undefined on in
put line 1662.


Package natbib Warning: Citation `madani2016evolution' on page 23 undefined on 
input line 1671.


Package natbib Warning: Citation `madani2016evolution' on page 23 undefined on 
input line 1673.

[23]

Package natbib Warning: Citation `yoon2011identifying' on page 24 undefined on 
input line 1742.


Package natbib Warning: Citation `yoon2013identifying' on page 24 undefined on 
input line 1745.


Package natbib Warning: Citation `choi2011sao' on page 24 undefined on input li
ne 1745.


Package natbib Warning: Citation `park2011identifying' on page 24 undefined on 
input line 1745.

[24]

Package natbib Warning: Citation `hmm' on page 25 undefined on input line 1785.



Package natbib Warning: Citation `nnet' on page 25 undefined on input line 1785
.


Package natbib Warning: Citation `crf' on page 25 undefined on input line 1786.



Package natbib Warning: Citation `svm' on page 25 undefined on input line 1786.



Package natbib Warning: Citation `chemdner' on page 25 undefined on input line 
1794.


Package natbib Warning: Citation `lee-ner13' on page 25 undefined on input line
 1795.


Package natbib Warning: Citation `chemdner' on page 25 undefined on input line 
1809.


Package natbib Warning: Citation `leaman2015' on page 25 undefined on input lin
e 1812.


Package natbib Warning: Citation `milne2008learning' on page 25 undefined on in
put line 1838.


Package natbib Warning: Citation `xu2015improving' on page 25 undefined on inpu
t line 1843.


Package natbib Warning: Citation `ferragina2012fast' on page 25 undefined on in
put line 1848.


Package natbib Warning: Citation `bunescu2006using' on page 25 undefined on inp
ut line 1851.


Package natbib Warning: Citation `dolan2008six' on page 25 undefined on input l
ine 1857.


Package natbib Warning: Citation `lih2004wikipedia' on page 25 undefined on inp
ut line 1864.


Package natbib Warning: Citation `mihalcea2007wikify' on page 25 undefined on i
nput line 1865.


Package natbib Warning: Citation `cheng2013relational' on page 25 undefined on 
input line 1865.


Package natbib Warning: Citation `ponzetto2007knowledge' on page 25 undefined o
n input line 1869.


Package natbib Warning: Citation `bizer2009dbpedia' on page 25 undefined on inp
ut line 1874.


Package natbib Warning: Citation `hepp2007harvesting' on page 25 undefined on i
nput line 1875.


Package natbib Warning: Citation `bryant2005becoming' on page 25 undefined on i
nput line 1877.

[25]

Package natbib Warning: Citation `tuten2017social' on page 26 undefined on inpu
t line 1913.


Package natbib Warning: Citation `krikorian2013new' on page 26 undefined on inp
ut line 1917.


Package natbib Warning: Citation `ellis2015usgs' on page 26 undefined on input 
line 1927.


Package natbib Warning: Citation `konkel2013tweets' on page 26 undefined on inp
ut line 1929.


Package natbib Warning: Citation `ramakrishnan2014beating' on page 26 undefined
 on input line 1932.


Package natbib Warning: Citation `ruths2014social' on page 26 undefined on inpu
t line 1943.


Package natbib Warning: Citation `weller2015accepting' on page 26 undefined on 
input line 1943.

[26]

Package natbib Warning: Citation `kalampokis2013understanding' on page 27 undef
ined on input line 1958.


Package natbib Warning: Citation `o2015twitter' on page 27 undefined on input l
ine 1958.


Package natbib Warning: Citation `schoen2013power' on page 27 undefined on inpu
t line 1958.


Package natbib Warning: Citation `schoen2013power' on page 27 undefined on inpu
t line 1960.


Package natbib Warning: Citation `weller2015accepting' on page 27 undefined on 
input line 1964.


Package natbib Warning: Citation `ossola2018' on page 27 undefined on input lin
e 1994.


Package natbib Warning: Citation `ahmed2017using' on page 27 undefined on input
 line 1998.

[27]

Package natbib Warning: Citation `ahmed2017using' on page 28 undefined on input
 line 2023.


Package natbib Warning: Citation `xu2014collective' on page 28 undefined on inp
ut line 2075.


Package natbib Warning: Citation `kordonis2016stock' on page 28 undefined on in
put line 2075.


Package natbib Warning: Citation `cakra2015stock' on page 28 undefined on input
 line 2075.


Package natbib Warning: Citation `cakra2015stock' on page 28 undefined on input
 line 2075.


Package natbib Warning: Citation `wang2016using' on page 28 undefined on input 
line 2075.


Package natbib Warning: Citation `shen2016using' on page 28 undefined on input 
line 2075.


Package natbib Warning: Citation `brown2012will' on page 28 undefined on input 
line 2075.


Package natbib Warning: Citation `rao2012analyzing' on page 28 undefined on inp
ut line 2075.


Package natbib Warning: Citation `crone2014predicting' on page 28 undefined on 
input line 2077.


Package natbib Warning: Citation `shen2016using' on page 28 undefined on input 
line 2078.


Package natbib Warning: Citation `bollen2011twitter' on page 28 undefined on in
put line 2087.


Package natbib Warning: Citation `asur2010predicting' on page 28 undefined on i
nput line 2108.


Package natbib Warning: Citation `cheng2013predicting' on page 28 undefined on 
input line 2119.


Package natbib Warning: Citation `kim2014nowplaying' on page 28 undefined on in
put line 2126.


Package natbib Warning: Citation `ahn2014sales' on page 28 undefined on input l
ine 2146.


Package natbib Warning: Citation `tuarob2013fad' on page 28 undefined on input 
line 2153.

[28]

Package natbib Warning: Citation `chen2015making' on page 29 undefined on input
 line 2174.


Package natbib Warning: Citation `li2016project' on page 29 undefined on input 
line 2190.

[29]

Package natbib Warning: Citation `bolasco2005understanding' on page 30 undefine
d on input line 2230.


Package natbib Warning: Citation `gupta2009survey' on page 30 undefined on inpu
t line 2250.


Package natbib Warning: Citation `colucci2003formal' on page 30 undefined on in
put line 2256.


Package natbib Warning: Citation `fazel2009semantic' on page 30 undefined on in
put line 2258.


Package natbib Warning: Citation `strohmeier2013domain' on page 30 undefined on
 input line 2264.


Package natbib Warning: Citation `al2011investigating' on page 30 undefined on 
input line 2264.


Package natbib Warning: Citation `zhao2008empirical' on page 30 undefined on in
put line 2264.


Package natbib Warning: Citation `ccelik2012ontology' on page 30 undefined on i
nput line 2264.


Package natbib Warning: Citation `veit2001matchmaking' on page 30 undefined on 
input line 2264.


Package natbib Warning: Citation `han2016preliminary' on page 30 undefined on i
nput line 2264.


Package natbib Warning: Citation `paoletti2015extending' on page 30 undefined o
n input line 2267.


Package natbib Warning: Citation `lau2002introducing' on page 30 undefined on i
nput line 2275.


Package natbib Warning: Citation `zhukova2014intelligent' on page 30 undefined 
on input line 2278.


Package natbib Warning: Citation `fazel2009semantic' on page 30 undefined on in
put line 2283.


Package natbib Warning: Citation `ghoshal1997individualized' on page 30 undefin
ed on input line 2291.

[30]

Package natbib Warning: Citation `walker2001web' on page 31 undefined on input 
line 2305.


Package natbib Warning: Citation `frey2017future' on page 31 undefined on input
 line 2335.


Package natbib Warning: Citation `caruso2017digital' on page 31 undefined on in
put line 2344.


Package natbib Warning: Citation `freddi2017digitalisation' on page 31 undefine
d on input line 2349.


Package natbib Warning: Citation `maccrory2014racing' on page 31 undefined on i
nput line 2358.

[31] [32]
Chapter 3.
[33

]
File: _bookdown_files/figures/Process.pdf Graphic file (type QTm)
<use  "_bookdown_files/figures/Process.pdf" >

Package natbib Warning: Citation `listjobs' on page 34 undefined on input line 
2449.


Package natbib Warning: Citation `listhob1' on page 34 undefined on input line 
2452.


Package natbib Warning: Citation `listhob2' on page 34 undefined on input line 
2452.


Package natbib Warning: Citation `listan' on page 34 undefined on input line 24
55.


Package natbib Warning: Citation `listpat1' on page 34 undefined on input line 
2459.


Package natbib Warning: Citation `listpat2' on page 34 undefined on input line 
2459.


Package natbib Warning: Citation `wipo1' on page 34 undefined on input line 250
9.

[34] [35]

Package natbib Warning: Citation `dell2009ensemble' on page 36 undefined on inp
ut line 2540.


Package natbib Warning: Citation `ramshaw' on page 36 undefined on input line 2
561.


Package natbib Warning: Citation `libsvm' on page 36 undefined on input line 25
90.


Package natbib Warning: Citation `libkeras' on page 36 undefined on input line 
2591.

[36]

Package natbib Warning: Citation `word2vec1' on page 37 undefined on input line
 2617.


Package natbib Warning: Citation `errequadro' on page 37 undefined on input lin
e 2661.


LaTeX Warning: Reference `tab:extractor-configurations' on page 37 undefined on
 input line 2704.

[37]
LaTeX Font Info:    External font `lmex10' loaded for size
(Font)              <8> on input line 2710.
LaTeX Font Info:    External font `lmex10' loaded for size
(Font)              <6> on input line 2710.

LaTeX Warning: `!h' float specifier changed to `!ht'.

[38]

LaTeX Warning: `!h' float specifier changed to `!ht'.

[39]

LaTeX Warning: Reference `theuse' on page 40 undefined on input line 2967.


LaTeX Warning: `!h' float specifier changed to `!ht'.


LaTeX Warning: `!h' float specifier changed to `!ht'.


LaTeX Warning: Reference `patents_per_user' on page 40 undefined on input line 
3074.

[40]
File: _bookdown_files/figures/user_rank.png Graphic file (type QTm)
<use  "_bookdown_files/figures/user_rank.png" >
Underfull \vbox (badness 3895) has occurred while \output is active []

[41] [42] [43] [44

]
Chapter 4.
[45] [46

]
Chapter 5.
[47] [48

]
Chapter 6.
(./thesis_source.bbl [49] [50

] [51] [52] [53] [54] [55] [56] [57]
! Misplaced alignment tab character &.
l.850 of~Health &
                  Human~Services, U.~D. (2010). 
Here is how much of TeX's memory you used:
 25160 strings out of 493706
 461708 string characters out of 6145769
 553363 words of memory out of 5000000
 28233 multiletter control sequences out of 15000+600000
 24450 words of font info for 63 fonts, out of 8000000 for 9000
 1328 hyphenation exceptions out of 8191
 52i,9n,68p,10422b,846s stack positions out of 5000i,500n,10000p,200000b,80000s

Output written on thesis_source.pdf (57 pages).
